[debug] [2023-03-18T23:49:40.191Z] ----------------------------------------------------------------------
[debug] [2023-03-18T23:49:40.192Z] Command:       C:\Program Files\nodejs\node.exe C:\Users\leona\AppData\Roaming\npm\node_modules\firebase-tools\lib\bin\firebase.js init
[debug] [2023-03-18T23:49:40.192Z] CLI Version:   11.24.1
[debug] [2023-03-18T23:49:40.192Z] Platform:      win32
[debug] [2023-03-18T23:49:40.192Z] Node Version:  v18.14.0
[debug] [2023-03-18T23:49:40.193Z] Time:          Sat Mar 18 2023 20:49:40 GMT-0300 (Brasilia Standard Time)
[debug] [2023-03-18T23:49:40.193Z] ----------------------------------------------------------------------
[debug] 
[debug] [2023-03-18T23:49:40.235Z] > command requires scopes: ["email","openid","https://www.googleapis.com/auth/cloudplatformprojects.readonly","https://www.googleapis.com/auth/firebase","https://www.googleapis.com/auth/cloud-platform"]
[debug] [2023-03-18T23:49:40.235Z] > authorizing via signed-in user (leonardogarreto@gmail.com)
[info] 
     ######## #### ########  ######## ########     ###     ######  ########
     ##        ##  ##     ## ##       ##     ##  ##   ##  ##       ##
     ######    ##  ########  ######   ########  #########  ######  ######
     ##        ##  ##    ##  ##       ##     ## ##     ##       ## ##
     ##       #### ##     ## ######## ########  ##     ##  ######  ########

You're about to initialize a Firebase project in this directory:

  C:\Programming\projects\fuchsia-cuttlefish-chat-app

Before we get started, keep in mind:

  * You are currently outside your home directory
  * You are initializing within an existing Firebase project directory

[info] 
=== Project Setup
[info] 
[info] First, let's associate this project directory with a Firebase project.
[info] You can create multiple project aliases by running firebase use --add, 
[info] but for now we'll just set up a default project.
[info] 
[debug] [2023-03-18T23:50:55.612Z] Using project from CLI flag: fuchsia-cuttlefish-chat-b77e2
[debug] [2023-03-18T23:50:55.613Z] >>> [apiv2][query] GET https://firebase.googleapis.com/v1beta1/projects/fuchsia-cuttlefish-chat-b77e2 [none]
[debug] [2023-03-18T23:50:56.355Z] <<< [apiv2][status] GET https://firebase.googleapis.com/v1beta1/projects/fuchsia-cuttlefish-chat-b77e2 403
[debug] [2023-03-18T23:50:56.355Z] <<< [apiv2][body] GET https://firebase.googleapis.com/v1beta1/projects/fuchsia-cuttlefish-chat-b77e2 {"error":{"code":403,"message":"The caller does not have permission","status":"PERMISSION_DENIED"}}
[debug] [2023-03-18T23:50:56.355Z] HTTP Error: 403, The caller does not have permission
[debug] [2023-03-18T23:50:56.747Z] FirebaseError: HTTP Error: 403, The caller does not have permission
    at responseToError (C:\Users\leona\AppData\Roaming\npm\node_modules\firebase-tools\lib\responseToError.js:49:12)
    at RetryOperation._fn (C:\Users\leona\AppData\Roaming\npm\node_modules\firebase-tools\lib\apiv2.js:288:77)
    at process.processTicksAndRejections (node:internal/process/task_queues:95:5)
[error] 
[error] Error: Failed to get Firebase project fuchsia-cuttlefish-chat-b77e2. Please make sure the project exists and your account has permission to access it.
[debug] [2023-03-18T23:56:08.367Z] ----------------------------------------------------------------------
[debug] [2023-03-18T23:56:08.368Z] Command:       C:\Program Files\nodejs\node.exe C:\Users\leona\AppData\Roaming\npm\node_modules\firebase-tools\lib\bin\firebase.js init
[debug] [2023-03-18T23:56:08.369Z] CLI Version:   11.24.1
[debug] [2023-03-18T23:56:08.369Z] Platform:      win32
[debug] [2023-03-18T23:56:08.369Z] Node Version:  v18.14.0
[debug] [2023-03-18T23:56:08.369Z] Time:          Sat Mar 18 2023 20:56:08 GMT-0300 (Brasilia Standard Time)
[debug] [2023-03-18T23:56:08.369Z] ----------------------------------------------------------------------
[debug] 
[debug] [2023-03-18T23:56:08.411Z] > command requires scopes: ["email","openid","https://www.googleapis.com/auth/cloudplatformprojects.readonly","https://www.googleapis.com/auth/firebase","https://www.googleapis.com/auth/cloud-platform"]
[debug] [2023-03-18T23:56:08.412Z] > authorizing via signed-in user (leonardogarreto@gmail.com)
[info] 
     ######## #### ########  ######## ########     ###     ######  ########
     ##        ##  ##     ## ##       ##     ##  ##   ##  ##       ##
     ######    ##  ########  ######   ########  #########  ######  ######
     ##        ##  ##    ##  ##       ##     ## ##     ##       ## ##
     ##       #### ##     ## ######## ########  ##     ##  ######  ########

You're about to initialize a Firebase project in this directory:

  C:\Programming\projects\fuchsia-cuttlefish-chat-app

Before we get started, keep in mind:

  * You are currently outside your home directory
  * You are initializing within an existing Firebase project directory

[info] 
=== Project Setup
[info] 
[info] First, let's associate this project directory with a Firebase project.
[info] You can create multiple project aliases by running firebase use --add, 
[info] but for now we'll just set up a default project.
[info] 
[debug] [2023-03-18T23:56:16.277Z] Using project from CLI flag: fuchsia-cuttlefish-chat-b77e2
[debug] [2023-03-18T23:56:16.279Z] >>> [apiv2][query] GET https://firebase.googleapis.com/v1beta1/projects/fuchsia-cuttlefish-chat-b77e2 [none]
[debug] [2023-03-18T23:56:16.860Z] <<< [apiv2][status] GET https://firebase.googleapis.com/v1beta1/projects/fuchsia-cuttlefish-chat-b77e2 403
[debug] [2023-03-18T23:56:16.860Z] <<< [apiv2][body] GET https://firebase.googleapis.com/v1beta1/projects/fuchsia-cuttlefish-chat-b77e2 {"error":{"code":403,"message":"The caller does not have permission","status":"PERMISSION_DENIED"}}
[debug] [2023-03-18T23:56:16.860Z] HTTP Error: 403, The caller does not have permission
[debug] [2023-03-18T23:56:17.241Z] FirebaseError: HTTP Error: 403, The caller does not have permission
    at responseToError (C:\Users\leona\AppData\Roaming\npm\node_modules\firebase-tools\lib\responseToError.js:49:12)
    at RetryOperation._fn (C:\Users\leona\AppData\Roaming\npm\node_modules\firebase-tools\lib\apiv2.js:288:77)
    at process.processTicksAndRejections (node:internal/process/task_queues:95:5)
[error] 
[error] Error: Failed to get Firebase project fuchsia-cuttlefish-chat-b77e2. Please make sure the project exists and your account has permission to access it.
[debug] [2023-03-19T00:09:01.309Z] ----------------------------------------------------------------------
[debug] [2023-03-19T00:09:01.311Z] Command:       C:\Program Files\nodejs\node.exe C:\Users\leona\AppData\Roaming\npm\node_modules\firebase-tools\lib\bin\firebase.js init
[debug] [2023-03-19T00:09:01.311Z] CLI Version:   11.24.1
[debug] [2023-03-19T00:09:01.311Z] Platform:      win32
[debug] [2023-03-19T00:09:01.311Z] Node Version:  v18.14.0
[debug] [2023-03-19T00:09:01.312Z] Time:          Sat Mar 18 2023 21:09:01 GMT-0300 (Brasilia Standard Time)
[debug] [2023-03-19T00:09:01.312Z] ----------------------------------------------------------------------
[debug] 
[debug] [2023-03-19T00:09:01.352Z] > command requires scopes: ["email","openid","https://www.googleapis.com/auth/cloudplatformprojects.readonly","https://www.googleapis.com/auth/firebase","https://www.googleapis.com/auth/cloud-platform"]
[debug] [2023-03-19T00:09:01.353Z] > authorizing via signed-in user (leonardogarreto@gmail.com)
[info] 
     ######## #### ########  ######## ########     ###     ######  ########
     ##        ##  ##     ## ##       ##     ##  ##   ##  ##       ##
     ######    ##  ########  ######   ########  #########  ######  ######
     ##        ##  ##    ##  ##       ##     ## ##     ##       ## ##
     ##       #### ##     ## ######## ########  ##     ##  ######  ########

You're about to initialize a Firebase project in this directory:

  C:\Programming\projects\fuchsia-cuttlefish-chat-app

Before we get started, keep in mind:

  * You are currently outside your home directory
  * You are initializing within an existing Firebase project directory

[info] 
=== Project Setup
[info] 
[info] First, let's associate this project directory with a Firebase project.
[info] You can create multiple project aliases by running firebase use --add, 
[info] but for now we'll just set up a default project.
[info] 
[debug] [2023-03-19T00:09:10.449Z] Using project from CLI flag: fuchsia-cuttlefish-chat-b77e2
[debug] [2023-03-19T00:09:10.451Z] >>> [apiv2][query] GET https://firebase.googleapis.com/v1beta1/projects/fuchsia-cuttlefish-chat-b77e2 [none]
[debug] [2023-03-19T00:09:11.180Z] <<< [apiv2][status] GET https://firebase.googleapis.com/v1beta1/projects/fuchsia-cuttlefish-chat-b77e2 403
[debug] [2023-03-19T00:09:11.180Z] <<< [apiv2][body] GET https://firebase.googleapis.com/v1beta1/projects/fuchsia-cuttlefish-chat-b77e2 {"error":{"code":403,"message":"The caller does not have permission","status":"PERMISSION_DENIED"}}
[debug] [2023-03-19T00:09:11.180Z] HTTP Error: 403, The caller does not have permission
[debug] [2023-03-19T00:09:11.572Z] FirebaseError: HTTP Error: 403, The caller does not have permission
    at responseToError (C:\Users\leona\AppData\Roaming\npm\node_modules\firebase-tools\lib\responseToError.js:49:12)
    at RetryOperation._fn (C:\Users\leona\AppData\Roaming\npm\node_modules\firebase-tools\lib\apiv2.js:288:77)
    at process.processTicksAndRejections (node:internal/process/task_queues:95:5)
[error] 
[error] Error: Failed to get Firebase project fuchsia-cuttlefish-chat-b77e2. Please make sure the project exists and your account has permission to access it.
[debug] [2023-03-19T00:10:45.976Z] ----------------------------------------------------------------------
[debug] [2023-03-19T00:10:45.978Z] Command:       C:\Program Files\nodejs\node.exe C:\Users\leona\AppData\Roaming\npm\node_modules\firebase-tools\lib\bin\firebase.js emulators:start --only auth
[debug] [2023-03-19T00:10:45.978Z] CLI Version:   11.24.1
[debug] [2023-03-19T00:10:45.978Z] Platform:      win32
[debug] [2023-03-19T00:10:45.978Z] Node Version:  v18.14.0
[debug] [2023-03-19T00:10:45.978Z] Time:          Sat Mar 18 2023 21:10:45 GMT-0300 (Brasilia Standard Time)
[debug] [2023-03-19T00:10:45.979Z] ----------------------------------------------------------------------
[debug] 
[debug] [2023-03-19T00:10:46.047Z] > command requires scopes: ["email","openid","https://www.googleapis.com/auth/cloudplatformprojects.readonly","https://www.googleapis.com/auth/firebase","https://www.googleapis.com/auth/cloud-platform"]
[debug] [2023-03-19T00:10:46.048Z] > authorizing via signed-in user (leonardogarreto@gmail.com)
[info] i  emulators: Starting emulators: auth {"metadata":{"emulator":{"name":"hub"},"message":"Starting emulators: auth"}}
[debug] [2023-03-19T00:10:46.057Z] [logging] Logging Emulator only supports listening on one address (127.0.0.1). Not listening on ::1
[debug] [2023-03-19T00:10:46.057Z] [auth] Authentication Emulator only supports listening on one address (127.0.0.1). Not listening on ::1
[debug] [2023-03-19T00:10:46.057Z] assigned listening specs for emulators {"user":{"hub":[{"address":"127.0.0.1","family":"IPv4","port":4400},{"address":"::1","family":"IPv6","port":4400}],"ui":[{"address":"127.0.0.1","family":"IPv4","port":4000},{"address":"::1","family":"IPv6","port":4000}],"logging":[{"address":"127.0.0.1","family":"IPv4","port":4500}],"auth":[{"address":"127.0.0.1","family":"IPv4","port":9099}]},"metadata":{"message":"assigned listening specs for emulators"}}
[debug] [2023-03-19T00:10:46.063Z] [hub] writing locator at C:\Users\leona\AppData\Local\Temp\hub-fuchsia-cuttlefish-chat-b77e2.json
[info] i  ui: downloading ui-v1.11.4.zip... {"metadata":{"emulator":{"name":"ui"},"message":"downloading ui-v1.11.4.zip..."}}
[debug] [2023-03-19T00:10:49.920Z] >>> [apiv2][query] GET https://storage.googleapis.com/firebase-preview-drop/emulator/ui-v1.11.4.zip 
[debug] [2023-03-19T00:10:50.408Z] <<< [apiv2][status] GET https://storage.googleapis.com/firebase-preview-drop/emulator/ui-v1.11.4.zip 200
[debug] [2023-03-19T00:10:50.408Z] <<< [apiv2][body] GET https://storage.googleapis.com/firebase-preview-drop/emulator/ui-v1.11.4.zip [stream]
[debug] [2023-03-19T00:10:53.290Z] Ignoring unsupported arg: auto_download {"metadata":{"emulator":{"name":"ui"},"message":"Ignoring unsupported arg: auto_download"}}
[debug] [2023-03-19T00:10:53.291Z] Ignoring unsupported arg: port {"metadata":{"emulator":{"name":"ui"},"message":"Ignoring unsupported arg: port"}}
[debug] [2023-03-19T00:10:53.291Z] Starting Emulator UI with command {"binary":"node","args":["C:\\Users\\leona\\.cache\\firebase\\emulators\\ui-v1.11.4\\server\\server.js"],"optionalArgs":[],"joinArgs":false} {"metadata":{"emulator":{"name":"ui"},"message":"Starting Emulator UI with command {\"binary\":\"node\",\"args\":[\"C:\\\\Users\\\\leona\\\\.cache\\\\firebase\\\\emulators\\\\ui-v1.11.4\\\\server\\\\server.js\"],\"optionalArgs\":[],\"joinArgs\":false}"}}
[info] i  ui: Emulator UI logging to ui-debug.log {"metadata":{"emulator":{"name":"ui"},"message":"Emulator UI logging to \u001b[1mui-debug.log\u001b[22m"}}
[debug] [2023-03-19T00:10:53.397Z] Web / API server started at 127.0.0.1:4000
 {"metadata":{"emulator":{"name":"ui"},"message":"Web / API server started at 127.0.0.1:4000\n"}}
[debug] [2023-03-19T00:10:53.397Z] Web / API server started at ::1:4000
 {"metadata":{"emulator":{"name":"ui"},"message":"Web / API server started at ::1:4000\n"}}
[info] 
┌─────────────────────────────────────────────────────────────┐
│ ✔  All emulators ready! It is now safe to connect your app. │
│ i  View Emulator UI at http://127.0.0.1:4000/               │
└─────────────────────────────────────────────────────────────┘

┌────────────────┬────────────────┬────────────────────────────┐
│ Emulator       │ Host:Port      │ View in Emulator UI        │
├────────────────┼────────────────┼────────────────────────────┤
│ Authentication │ 127.0.0.1:9099 │ http://127.0.0.1:4000/auth │
└────────────────┴────────────────┴────────────────────────────┘
  Emulator Hub running at 127.0.0.1:4400
  Other reserved ports: 4500

Issues? Report them at https://github.com/firebase/firebase-tools/issues and attach the *-debug.log files.
 
